# JRE version: OpenJDK Runtime Environment GraalVM CE 22.3.0 (17.0.5+8) (build 17.0.5+8-jvmci-22.3-b08)
# Java VM: OpenJDK 64-Bit Server VM GraalVM CE 22.3.0 (17.0.5+8-jvmci-22.3-b08, mixed mode, sharing, tiered, jvmci, jvmci compiler, compressed oops, compressed class ptrs, parallel gc, linux-amd64)
GC Precious Log:
 CPUs: 8 total, 1 available
 Memory: 1024M
 Large Page Support: Disabled
 NUMA Support: Disabled
 Compressed Oops: Enabled (32-bit)
 Alignments: Space 512K, Generation 512K, Heap 2M
 Heap Min Capacity: 100M
 Heap Initial Capacity: 100M
 Heap Max Capacity: 512M
 Pre-touch: Disabled
 Parallel Workers: 1
Heap:
 PSYoungGen      total 71168K, used 46592K [0x00000000f5580000, 0x00000000fb680000, 0x0000000100000000)
  eden space 46592K, 100% used [0x00000000f5580000,0x00000000f8300000,0x00000000f8300000)
  from space 24576K, 0% used [0x00000000f9c00000,0x00000000f9c00000,0x00000000fb400000)
  to   space 25088K, 0% used [0x00000000f8300000,0x00000000f8300000,0x00000000f9b80000)
 ParOldGen       total 349696K, used 349695K [0x00000000e0000000, 0x00000000f5580000, 0x00000000f5580000)
  object space 349696K, 99% used [0x00000000e0000000,0x00000000f557fff0,0x00000000f5580000)
 Metaspace       used 59871K, committed 60864K, reserved 1105920K
  class space    used 5930K, committed 6400K, reserved 1048576K
GC Heap History (20 events):
Event: 971.848 GC heap before
{Heap before GC invocations=564 (full 469):
 PSYoungGen      total 71168K, used 46591K [0x00000000f5580000, 0x00000000fb680000, 0x0000000100000000)
  eden space 46592K, 99% used [0x00000000f5580000,0x00000000f82ffff8,0x00000000f8300000)
  from space 24576K, 0% used [0x00000000f9c00000,0x00000000f9c00000,0x00000000fb400000)
  to   space 25088K, 0% used [0x00000000f8300000,0x00000000f8300000,0x00000000f9b80000)
 ParOldGen       total 349696K, used 349695K [0x00000000e0000000, 0x00000000f5580000, 0x00000000f5580000)
  object space 349696K, 99% used [0x00000000e0000000,0x00000000f557fcb8,0x00000000f5580000)
 Metaspace       used 59869K, committed 60864K, reserved 1105920K
  class space    used 5930K, committed 6400K, reserved 1048576K
}
Event: 974.007 GC heap after
{Heap after GC invocations=564 (full 469):
 PSYoungGen      total 71680K, used 46591K [0x00000000f5580000, 0x00000000fb680000, 0x0000000100000000)
  eden space 46592K, 99% used [0x00000000f5580000,0x00000000f82ffff8,0x00000000f8300000)
  from space 25088K, 0% used [0x00000000f8300000,0x00000000f8300000,0x00000000f9b80000)
  to   space 24576K, 0% used [0x00000000f9c00000,0x00000000f9c00000,0x00000000fb400000)
 ParOldGen       total 349696K, used 349695K [0x00000000e0000000, 0x00000000f5580000, 0x00000000f5580000)
  object space 349696K, 99% used [0x00000000e0000000,0x00000000f557fcb8,0x00000000f5580000)
 Metaspace       used 59869K, committed 60864K, reserved 1105920K
  class space    used 5930K, committed 6400K, reserved 1048576K
}
Event: 974.008 GC heap before
{Heap before GC invocations=565 (full 470):
 PSYoungGen      total 71680K, used 46591K [0x00000000f5580000, 0x00000000fb680000, 0x0000000100000000)
  eden space 46592K, 99% used [0x00000000f5580000,0x00000000f82ffff8,0x00000000f8300000)
  from space 25088K, 0% used [0x00000000f8300000,0x00000000f8300000,0x00000000f9b80000)
  to   space 24576K, 0% used [0x00000000f9c00000,0x00000000f9c00000,0x00000000fb400000)
 ParOldGen       total 349696K, used 349695K [0x00000000e0000000, 0x00000000f5580000, 0x00000000f5580000)
  object space 349696K, 99% used [0x00000000e0000000,0x00000000f557fff8,0x00000000f5580000)
 Metaspace       used 59869K, committed 60864K, reserved 1105920K
  class space    used 5930K, committed 6400K, reserved 1048576K
}
Event: 975.886 GC heap after
{Heap after GC invocations=565 (full 470):
 PSYoungGen      total 71168K, used 46591K [0x00000000f5580000, 0x00000000fb680000, 0x0000000100000000)
  eden space 46592K, 99% used [0x00000000f5580000,0x00000000f82fff68,0x00000000f8300000)
  from space 24576K, 0% used [0x00000000f9c00000,0x00000000f9c00000,0x00000000fb400000)
  to   space 25088K, 0% used [0x00000000f8300000,0x00000000f8300000,0x00000000f9b80000)
 ParOldGen       total 349696K, used 349695K [0x00000000e0000000, 0x00000000f5580000, 0x00000000f5580000)
  object space 349696K, 99% used [0x00000000e0000000,0x00000000f557fdd8,0x00000000f5580000)
 Metaspace       used 59869K, committed 60864K, reserved 1105920K
  class space    used 5930K, committed 6400K, reserved 1048576K
}
Event: 975.886 GC heap before
{Heap before GC invocations=566 (full 471):
 PSYoungGen      total 71168K, used 46591K [0x00000000f5580000, 0x00000000fb680000, 0x0000000100000000)
  eden space 46592K, 99% used [0x00000000f5580000,0x00000000f82ffff8,0x00000000f8300000)
  from space 24576K, 0% used [0x00000000f9c00000,0x00000000f9c00000,0x00000000fb400000)
  to   space 25088K, 0% used [0x00000000f8300000,0x00000000f8300000,0x00000000f9b80000)
 ParOldGen       total 349696K, used 349695K [0x00000000e0000000, 0x00000000f5580000, 0x00000000f5580000)
  object space 349696K, 99% used [0x00000000e0000000,0x00000000f557fdd8,0x00000000f5580000)
 Metaspace       used 59869K, committed 60864K, reserved 1105920K
  class space    used 5930K, committed 6400K, reserved 1048576K
}
Event: 978.030 GC heap after
{Heap after GC invocations=566 (full 471):
 PSYoungGen      total 71680K, used 46591K [0x00000000f5580000, 0x00000000fb680000, 0x0000000100000000)
  eden space 46592K, 99% used [0x00000000f5580000,0x00000000f82ffff8,0x00000000f8300000)
  from space 25088K, 0% used [0x00000000f8300000,0x00000000f8300000,0x00000000f9b80000)
  to   space 24576K, 0% used [0x00000000f9c00000,0x00000000f9c00000,0x00000000fb400000)
 ParOldGen       total 349696K, used 349695K [0x00000000e0000000, 0x00000000f5580000, 0x00000000f5580000)
  object space 349696K, 99% used [0x00000000e0000000,0x00000000f557fdd8,0x00000000f5580000)
 Metaspace       used 59869K, committed 60864K, reserved 1105920K
  class space    used 5930K, committed 6400K, reserved 1048576K
}
Event: 978.030 GC heap before
{Heap before GC invocations=567 (full 472):
 PSYoungGen      total 71680K, used 46591K [0x00000000f5580000, 0x00000000fb680000, 0x0000000100000000)
  eden space 46592K, 99% used [0x00000000f5580000,0x00000000f82ffff8,0x00000000f8300000)
  from space 25088K, 0% used [0x00000000f8300000,0x00000000f8300000,0x00000000f9b80000)
  to   space 24576K, 0% used [0x00000000f9c00000,0x00000000f9c00000,0x00000000fb400000)
 ParOldGen       total 349696K, used 349695K [0x00000000e0000000, 0x00000000f5580000, 0x00000000f5580000)
  object space 349696K, 99% used [0x00000000e0000000,0x00000000f557fff8,0x00000000f5580000)
 Metaspace       used 59869K, committed 60864K, reserved 1105920K
  class space    used 5930K, committed 6400K, reserved 1048576K
}
Event: 980.125 GC heap after
{Heap after GC invocations=567 (full 472):
 PSYoungGen      total 71168K, used 46591K [0x00000000f5580000, 0x00000000fb680000, 0x0000000100000000)
  eden space 46592K, 99% used [0x00000000f5580000,0x00000000f82fffb0,0x00000000f8300000)
  from space 24576K, 0% used [0x00000000f9c00000,0x00000000f9c00000,0x00000000fb400000)
  to   space 25088K, 0% used [0x00000000f8300000,0x00000000f8300000,0x00000000f9b80000)
 ParOldGen       total 349696K, used 349695K [0x00000000e0000000, 0x00000000f5580000, 0x00000000f5580000)
  object space 349696K, 99% used [0x00000000e0000000,0x00000000f557ffa8,0x00000000f5580000)
 Metaspace       used 59869K, committed 60864K, reserved 1105920K
  class space    used 5930K, committed 6400K, reserved 1048576K
}
Event: 980.128 GC heap before
{Heap before GC invocations=568 (full 473):
 PSYoungGen      total 71168K, used 46592K [0x00000000f5580000, 0x00000000fb680000, 0x0000000100000000)
  eden space 46592K, 100% used [0x00000000f5580000,0x00000000f8300000,0x00000000f8300000)
  from space 24576K, 0% used [0x00000000f9c00000,0x00000000f9c00000,0x00000000fb400000)
  to   space 25088K, 0% used [0x00000000f8300000,0x00000000f8300000,0x00000000f9b80000)
 ParOldGen       total 349696K, used 349695K [0x00000000e0000000, 0x00000000f5580000, 0x00000000f5580000)
  object space 349696K, 99% used [0x00000000e0000000,0x00000000f557ffa8,0x00000000f5580000)
 Metaspace       used 59869K, committed 60864K, reserved 1105920K
  class space    used 5930K, committed 6400K, reserved 1048576K
}
Event: 982.535 GC heap after
{Heap after GC invocations=568 (full 473):
 PSYoungGen      total 71680K, used 46591K [0x00000000f5580000, 0x00000000fb680000, 0x0000000100000000)
  eden space 46592K, 99% used [0x00000000f5580000,0x00000000f82fffb0,0x00000000f8300000)
  from space 25088K, 0% used [0x00000000f8300000,0x00000000f8300000,0x00000000f9b80000)
  to   space 24576K, 0% used [0x00000000f9c00000,0x00000000f9c00000,0x00000000fb400000)
 ParOldGen       total 349696K, used 349695K [0x00000000e0000000, 0x00000000f5580000, 0x00000000f5580000)
  object space 349696K, 99% used [0x00000000e0000000,0x00000000f557ffa8,0x00000000f5580000)
 Metaspace       used 59869K, committed 60864K, reserved 1105920K
  class space    used 5930K, committed 6400K, reserved 1048576K
}
Event: 982.537 GC heap before
{Heap before GC invocations=569 (full 474):
 PSYoungGen      total 71680K, used 46592K [0x00000000f5580000, 0x00000000fb680000, 0x0000000100000000)
  eden space 46592K, 100% used [0x00000000f5580000,0x00000000f8300000,0x00000000f8300000)
  from space 25088K, 0% used [0x00000000f8300000,0x00000000f8300000,0x00000000f9b80000)
  to   space 24576K, 0% used [0x00000000f9c00000,0x00000000f9c00000,0x00000000fb400000)
 ParOldGen       total 349696K, used 349695K [0x00000000e0000000, 0x00000000f5580000, 0x00000000f5580000)
  object space 349696K, 99% used [0x00000000e0000000,0x00000000f557ffa8,0x00000000f5580000)
 Metaspace       used 59869K, committed 60864K, reserved 1105920K
  class space    used 5930K, committed 6400K, reserved 1048576K
}
Event: 984.647 GC heap after
{Heap after GC invocations=569 (full 474):
 PSYoungGen      total 71168K, used 46591K [0x00000000f5580000, 0x00000000fb680000, 0x0000000100000000)
  eden space 46592K, 99% used [0x00000000f5580000,0x00000000f82fffb0,0x00000000f8300000)
  from space 24576K, 0% used [0x00000000f9c00000,0x00000000f9c00000,0x00000000fb400000)
  to   space 25088K, 0% used [0x00000000f8300000,0x00000000f8300000,0x00000000f9b80000)
 ParOldGen       total 349696K, used 349695K [0x00000000e0000000, 0x00000000f5580000, 0x00000000f5580000)
  object space 349696K, 99% used [0x00000000e0000000,0x00000000f557ffa8,0x00000000f5580000)
 Metaspace       used 59869K, committed 60864K, reserved 1105920K
  class space    used 5930K, committed 6400K, reserved 1048576K
}
Event: 984.647 GC heap before
{Heap before GC invocations=570 (full 475):
 PSYoungGen      total 71168K, used 46592K [0x00000000f5580000, 0x00000000fb680000, 0x0000000100000000)
  eden space 46592K, 100% used [0x00000000f5580000,0x00000000f8300000,0x00000000f8300000)
  from space 24576K, 0% used [0x00000000f9c00000,0x00000000f9c00000,0x00000000fb400000)
  to   space 25088K, 0% used [0x00000000f8300000,0x00000000f8300000,0x00000000f9b80000)
 ParOldGen       total 349696K, used 349695K [0x00000000e0000000, 0x00000000f5580000, 0x00000000f5580000)
  object space 349696K, 99% used [0x00000000e0000000,0x00000000f557ffa8,0x00000000f5580000)
 Metaspace       used 59869K, committed 60864K, reserved 1105920K
  class space    used 5930K, committed 6400K, reserved 1048576K
}
Event: 986.750 GC heap after
{Heap after GC invocations=570 (full 475):
 PSYoungGen      total 71680K, used 46591K [0x00000000f5580000, 0x00000000fb680000, 0x0000000100000000)
  eden space 46592K, 99% used [0x00000000f5580000,0x00000000f82fffb0,0x00000000f8300000)
  from space 25088K, 0% used [0x00000000f8300000,0x00000000f8300000,0x00000000f9b80000)
  to   space 24576K, 0% used [0x00000000f9c00000,0x00000000f9c00000,0x00000000fb400000)
 ParOldGen       total 349696K, used 349695K [0x00000000e0000000, 0x00000000f5580000, 0x00000000f5580000)
  object space 349696K, 99% used [0x00000000e0000000,0x00000000f557ffa8,0x00000000f5580000)
 Metaspace       used 59869K, committed 60864K, reserved 1105920K
  class space    used 5930K, committed 6400K, reserved 1048576K
}
Event: 986.750 GC heap before
{Heap before GC invocations=571 (full 476):
 PSYoungGen      total 71680K, used 46592K [0x00000000f5580000, 0x00000000fb680000, 0x0000000100000000)
  eden space 46592K, 100% used [0x00000000f5580000,0x00000000f8300000,0x00000000f8300000)
  from space 25088K, 0% used [0x00000000f8300000,0x00000000f8300000,0x00000000f9b80000)
  to   space 24576K, 0% used [0x00000000f9c00000,0x00000000f9c00000,0x00000000fb400000)
 ParOldGen       total 349696K, used 349695K [0x00000000e0000000, 0x00000000f5580000, 0x00000000f5580000)
  object space 349696K, 99% used [0x00000000e0000000,0x00000000f557ffa8,0x00000000f5580000)
 Metaspace       used 59869K, committed 60864K, reserved 1105920K
  class space    used 5930K, committed 6400K, reserved 1048576K
}
Event: 988.474 GC heap after
{Heap after GC invocations=571 (full 476):
 PSYoungGen      total 71168K, used 46591K [0x00000000f5580000, 0x00000000fb680000, 0x0000000100000000)
  eden space 46592K, 99% used [0x00000000f5580000,0x00000000f82fffb0,0x00000000f8300000)
  from space 24576K, 0% used [0x00000000f9c00000,0x00000000f9c00000,0x00000000fb400000)
  to   space 25088K, 0% used [0x00000000f8300000,0x00000000f8300000,0x00000000f9b80000)
 ParOldGen       total 349696K, used 349695K [0x00000000e0000000, 0x00000000f5580000, 0x00000000f5580000)
  object space 349696K, 99% used [0x00000000e0000000,0x00000000f557ffa8,0x00000000f5580000)
 Metaspace       used 59869K, committed 60864K, reserved 1105920K
  class space    used 5930K, committed 6400K, reserved 1048576K
}
Event: 988.476 GC heap before
{Heap before GC invocations=572 (full 477):
 PSYoungGen      total 71168K, used 46591K [0x00000000f5580000, 0x00000000fb680000, 0x0000000100000000)
  eden space 46592K, 99% used [0x00000000f5580000,0x00000000f82ffff0,0x00000000f8300000)
  from space 24576K, 0% used [0x00000000f9c00000,0x00000000f9c00000,0x00000000fb400000)
  to   space 25088K, 0% used [0x00000000f8300000,0x00000000f8300000,0x00000000f9b80000)
 ParOldGen       total 349696K, used 349695K [0x00000000e0000000, 0x00000000f5580000, 0x00000000f5580000)
  object space 349696K, 99% used [0x00000000e0000000,0x00000000f557ffa8,0x00000000f5580000)
 Metaspace       used 59869K, committed 60864K, reserved 1105920K
  class space    used 5930K, committed 6400K, reserved 1048576K
}
Event: 990.351 GC heap after
{Heap after GC invocations=572 (full 477):
 PSYoungGen      total 71680K, used 46591K [0x00000000f5580000, 0x00000000fb680000, 0x0000000100000000)
  eden space 46592K, 99% used [0x00000000f5580000,0x00000000f82fffb0,0x00000000f8300000)
  from space 25088K, 0% used [0x00000000f8300000,0x00000000f8300000,0x00000000f9b80000)
  to   space 24576K, 0% used [0x00000000f9c00000,0x00000000f9c00000,0x00000000fb400000)
 ParOldGen       total 349696K, used 349695K [0x00000000e0000000, 0x00000000f5580000, 0x00000000f5580000)
  object space 349696K, 99% used [0x00000000e0000000,0x00000000f557ff88,0x00000000f5580000)
 Metaspace       used 59869K, committed 60864K, reserved 1105920K
  class space    used 5930K, committed 6400K, reserved 1048576K
}
Event: 990.351 GC heap before
{Heap before GC invocations=573 (full 478):
 PSYoungGen      total 71680K, used 46591K [0x00000000f5580000, 0x00000000fb680000, 0x0000000100000000)
  eden space 46592K, 99% used [0x00000000f5580000,0x00000000f82fffb0,0x00000000f8300000)
  from space 25088K, 0% used [0x00000000f8300000,0x00000000f8300000,0x00000000f9b80000)
  to   space 24576K, 0% used [0x00000000f9c00000,0x00000000f9c00000,0x00000000fb400000)
 ParOldGen       total 349696K, used 349695K [0x00000000e0000000, 0x00000000f5580000, 0x00000000f5580000)
  object space 349696K, 99% used [0x00000000e0000000,0x00000000f557ff88,0x00000000f5580000)
 Metaspace       used 59869K, committed 60864K, reserved 1105920K
  class space    used 5930K, committed 6400K, reserved 1048576K
}
Event: 992.155 GC heap after
{Heap after GC invocations=573 (full 478):
 PSYoungGen      total 71168K, used 46591K [0x00000000f5580000, 0x00000000fb680000, 0x0000000100000000)
  eden space 46592K, 99% used [0x00000000f5580000,0x00000000f82fffb0,0x00000000f8300000)
  from space 24576K, 0% used [0x00000000f9c00000,0x00000000f9c00000,0x00000000fb400000)
  to   space 25088K, 0% used [0x00000000f8300000,0x00000000f8300000,0x00000000f9b80000)
 ParOldGen       total 349696K, used 349695K [0x00000000e0000000, 0x00000000f5580000, 0x00000000f5580000)
  object space 349696K, 99% used [0x00000000e0000000,0x00000000f557ff88,0x00000000f5580000)
 Metaspace       used 59869K, committed 60864K, reserved 1105920K
  class space    used 5930K, committed 6400K, reserved 1048576K
}

